{"/home/thiago/Documents/utf/2020-02/Topicos em Computação/computer-topics/NAP/05/lib/Cart.js": {"path":"/home/thiago/Documents/utf/2020-02/Topicos em Computação/computer-topics/NAP/05/lib/Cart.js","statementMap":{"0":{"start":{"line":3,"column":2},"end":{"line":3,"column":21}},"1":{"start":{"line":7,"column":2},"end":{"line":10,"column":20}},"2":{"start":{"line":8,"column":3},"end":{"line":8,"column":23}},"3":{"start":{"line":10,"column":3},"end":{"line":10,"column":20}},"4":{"start":{"line":12,"column":2},"end":{"line":12,"column":66}},"5":{"start":{"line":15,"column":2},"end":{"line":19,"column":3}},"6":{"start":{"line":16,"column":3},"end":{"line":16,"column":75}},"7":{"start":{"line":18,"column":3},"end":{"line":18,"column":56}},"8":{"start":{"line":23,"column":0},"end":{"line":23,"column":21}}},"fnMap":{"0":{"name":"(anonymous_0)","decl":{"start":{"line":2,"column":1},"end":{"line":2,"column":2}},"loc":{"start":{"line":2,"column":16},"end":{"line":4,"column":2}},"line":2},"1":{"name":"(anonymous_1)","decl":{"start":{"line":5,"column":1},"end":{"line":5,"column":2}},"loc":{"start":{"line":5,"column":31},"end":{"line":13,"column":2}},"line":5},"2":{"name":"(anonymous_2)","decl":{"start":{"line":14,"column":1},"end":{"line":14,"column":2}},"loc":{"start":{"line":14,"column":17},"end":{"line":20,"column":2}},"line":14}},"branchMap":{"0":{"loc":{"start":{"line":7,"column":2},"end":{"line":10,"column":20}},"type":"if","locations":[{"start":{"line":7,"column":2},"end":{"line":10,"column":20}},{"start":{"line":7,"column":2},"end":{"line":10,"column":20}}],"line":7},"1":{"loc":{"start":{"line":12,"column":20},"end":{"line":12,"column":46}},"type":"cond-expr","locations":[{"start":{"line":12,"column":32},"end":{"line":12,"column":41}},{"start":{"line":12,"column":44},"end":{"line":12,"column":46}}],"line":12},"2":{"loc":{"start":{"line":15,"column":2},"end":{"line":19,"column":3}},"type":"if","locations":[{"start":{"line":15,"column":2},"end":{"line":19,"column":3}},{"start":{"line":15,"column":2},"end":{"line":19,"column":3}}],"line":15}},"s":{"0":1,"1":5,"2":2,"3":3,"4":5,"5":3,"6":2,"7":1,"8":1},"f":{"0":1,"1":5,"2":3},"b":{"0":[2,3],"1":[3,2],"2":[2,1]},"_coverageSchema":"1a1c01bbd47fc00a2c39e90264f33305004495a9","hash":"c3aaf83cf9e4fcca1b3ff4a8e371490104c9e39a"}
}
